-------------------------------------------------------------------------------
Test set: com.javatechie.spring.security.api.SpringSecurityJpaApplicationTests
-------------------------------------------------------------------------------
Tests run: 1, Failures: 0, Errors: 1, Skipped: 0, Time elapsed: 5.626 s <<< FAILURE! - in com.javatechie.spring.security.api.SpringSecurityJpaApplicationTests
contextLoads(com.javatechie.spring.security.api.SpringSecurityJpaApplicationTests)  Time elapsed: 0.007 s  <<< ERROR!
java.lang.IllegalStateException: Failed to load ApplicationContext
Caused by: org.springframework.beans.factory.UnsatisfiedDependencyException: Error creating bean with name 'securityConfig': Unsatisfied dependency expressed through field 'userDetailsService'; nested exception is org.springframework.beans.factory.UnsatisfiedDependencyException: Error creating bean with name 'customUserDetailsService': Unsatisfied dependency expressed through field 'repository'; nested exception is org.springframework.beans.factory.BeanCreationException: Error creating bean with name 'userRepository': Invocation of init method failed; nested exception is java.lang.IllegalArgumentException: Failed to create query for method public abstract com.javatechie.spring.security.api.model.User com.javatechie.spring.security.api.repository.UserRepository.findByUserName(java.lang.String)! No property userName found for type User! Did you mean 'username'?
Caused by: org.springframework.beans.factory.UnsatisfiedDependencyException: Error creating bean with name 'customUserDetailsService': Unsatisfied dependency expressed through field 'repository'; nested exception is org.springframework.beans.factory.BeanCreationException: Error creating bean with name 'userRepository': Invocation of init method failed; nested exception is java.lang.IllegalArgumentException: Failed to create query for method public abstract com.javatechie.spring.security.api.model.User com.javatechie.spring.security.api.repository.UserRepository.findByUserName(java.lang.String)! No property userName found for type User! Did you mean 'username'?
Caused by: org.springframework.beans.factory.BeanCreationException: Error creating bean with name 'userRepository': Invocation of init method failed; nested exception is java.lang.IllegalArgumentException: Failed to create query for method public abstract com.javatechie.spring.security.api.model.User com.javatechie.spring.security.api.repository.UserRepository.findByUserName(java.lang.String)! No property userName found for type User! Did you mean 'username'?
Caused by: java.lang.IllegalArgumentException: Failed to create query for method public abstract com.javatechie.spring.security.api.model.User com.javatechie.spring.security.api.repository.UserRepository.findByUserName(java.lang.String)! No property userName found for type User! Did you mean 'username'?
Caused by: org.springframework.data.mapping.PropertyReferenceException: No property userName found for type User! Did you mean 'username'?

